CRITICAL - 2026-04-21 12:20:00 --> Error: Class "App\Models\EmpruntModel" not found
[Method: GET, Route: /]
in APPPATH/Controllers/LivreController.php on line 17.
 1 SYSTEMPATH/CodeIgniter.php(921): App\Controllers\LivreController->__construct()
 2 SYSTEMPATH/CodeIgniter.php(488): CodeIgniter\CodeIgniter->createController()
 3 SYSTEMPATH/CodeIgniter.php(340): CodeIgniter\CodeIgniter->handleRequest()
 4 SYSTEMPATH/Boot.php(417): CodeIgniter\CodeIgniter->run()
 5 SYSTEMPATH/Boot.php(68): CodeIgniter\Boot::runCodeIgniter()
 6 FCPATH/index.php(59): CodeIgniter\Boot::bootWeb()
CRITICAL - 2026-04-21 12:27:34 --> Error: Class "App\Models\EmpruntModel" not found
[Method: GET, Route: /]
in APPPATH/Controllers/LivreController.php on line 17.
 1 SYSTEMPATH/CodeIgniter.php(921): App\Controllers\LivreController->__construct()
 2 SYSTEMPATH/CodeIgniter.php(488): CodeIgniter\CodeIgniter->createController()
 3 SYSTEMPATH/CodeIgniter.php(340): CodeIgniter\CodeIgniter->handleRequest()
 4 SYSTEMPATH/Boot.php(417): CodeIgniter\CodeIgniter->run()
 5 SYSTEMPATH/Boot.php(68): CodeIgniter\Boot::runCodeIgniter()
 6 FCPATH/index.php(59): CodeIgniter\Boot::bootWeb()
ERROR - 2026-04-21 12:29:18 --> Error connecting to the database: mysqli_sql_exception: No such file or directory in /home/jeannie/Documents/L2/S4/SI/PROJETS/TP_codeIgniter/system/Database/MySQLi/Connection.php:201
Stack trace:
#0 /home/jeannie/Documents/L2/S4/SI/PROJETS/TP_codeIgniter/system/Database/MySQLi/Connection.php(201): mysqli->real_connect()
#1 /home/jeannie/Documents/L2/S4/SI/PROJETS/TP_codeIgniter/system/Database/BaseConnection.php(555): CodeIgniter\Database\MySQLi\Connection->connect()
#2 /home/jeannie/Documents/L2/S4/SI/PROJETS/TP_codeIgniter/system/Database/BaseConnection.php(795): CodeIgniter\Database\BaseConnection->initialize()
#3 /home/jeannie/Documents/L2/S4/SI/PROJETS/TP_codeIgniter/system/Database/BaseBuilder.php(1733): CodeIgniter\Database\BaseConnection->query()
#4 /home/jeannie/Documents/L2/S4/SI/PROJETS/TP_codeIgniter/system/Model.php(523): CodeIgniter\Database\BaseBuilder->countAllResults()
#5 /home/jeannie/Documents/L2/S4/SI/PROJETS/TP_codeIgniter/system/BaseModel.php(1333): CodeIgniter\Model->countAllResults()
#6 /home/jeannie/Documents/L2/S4/SI/PROJETS/TP_codeIgniter/app/Controllers/LivreController.php(38): CodeIgniter\BaseModel->paginate()
#7 /home/jeannie/Documents/L2/S4/SI/PROJETS/TP_codeIgniter/system/CodeIgniter.php(951): App\Controllers\LivreController->index()
#8 /home/jeannie/Documents/L2/S4/SI/PROJETS/TP_codeIgniter/system/CodeIgniter.php(497): CodeIgniter\CodeIgniter->runController()
#9 /home/jeannie/Documents/L2/S4/SI/PROJETS/TP_codeIgniter/system/CodeIgniter.php(340): CodeIgniter\CodeIgniter->handleRequest()
#10 /home/jeannie/Documents/L2/S4/SI/PROJETS/TP_codeIgniter/system/Boot.php(417): CodeIgniter\CodeIgniter->run()
#11 /home/jeannie/Documents/L2/S4/SI/PROJETS/TP_codeIgniter/system/Boot.php(68): CodeIgniter\Boot::runCodeIgniter()
#12 /home/jeannie/Documents/L2/S4/SI/PROJETS/TP_codeIgniter/public/index.php(59): CodeIgniter\Boot::bootWeb()
#13 {main}

Next CodeIgniter\Database\Exceptions\DatabaseException: No such file or directory in /home/jeannie/Documents/L2/S4/SI/PROJETS/TP_codeIgniter/system/Database/MySQLi/Connection.php:231
Stack trace:
#0 /home/jeannie/Documents/L2/S4/SI/PROJETS/TP_codeIgniter/system/Database/BaseConnection.php(555): CodeIgniter\Database\MySQLi\Connection->connect()
#1 /home/jeannie/Documents/L2/S4/SI/PROJETS/TP_codeIgniter/system/Database/BaseConnection.php(795): CodeIgniter\Database\BaseConnection->initialize()
#2 /home/jeannie/Documents/L2/S4/SI/PROJETS/TP_codeIgniter/system/Database/BaseBuilder.php(1733): CodeIgniter\Database\BaseConnection->query()
#3 /home/jeannie/Documents/L2/S4/SI/PROJETS/TP_codeIgniter/system/Model.php(523): CodeIgniter\Database\BaseBuilder->countAllResults()
#4 /home/jeannie/Documents/L2/S4/SI/PROJETS/TP_codeIgniter/system/BaseModel.php(1333): CodeIgniter\Model->countAllResults()
#5 /home/jeannie/Documents/L2/S4/SI/PROJETS/TP_codeIgniter/app/Controllers/LivreController.php(38): CodeIgniter\BaseModel->paginate()
#6 /home/jeannie/Documents/L2/S4/SI/PROJETS/TP_codeIgniter/system/CodeIgniter.php(951): App\Controllers\LivreController->index()
#7 /home/jeannie/Documents/L2/S4/SI/PROJETS/TP_codeIgniter/system/CodeIgniter.php(497): CodeIgniter\CodeIgniter->runController()
#8 /home/jeannie/Documents/L2/S4/SI/PROJETS/TP_codeIgniter/system/CodeIgniter.php(340): CodeIgniter\CodeIgniter->handleRequest()
#9 /home/jeannie/Documents/L2/S4/SI/PROJETS/TP_codeIgniter/system/Boot.php(417): CodeIgniter\CodeIgniter->run()
#10 /home/jeannie/Documents/L2/S4/SI/PROJETS/TP_codeIgniter/system/Boot.php(68): CodeIgniter\Boot::runCodeIgniter()
#11 /home/jeannie/Documents/L2/S4/SI/PROJETS/TP_codeIgniter/public/index.php(59): CodeIgniter\Boot::bootWeb()
#12 {main}
CRITICAL - 2026-04-21 12:29:18 --> CodeIgniter\Database\Exceptions\DatabaseException: Unable to connect to the database.
Main connection [MySQLi]: No such file or directory
[Method: GET, Route: /]
in SYSTEMPATH/Database/BaseConnection.php on line 606.
 1 SYSTEMPATH/Database/BaseConnection.php(795): CodeIgniter\Database\BaseConnection->initialize()
 2 SYSTEMPATH/Database/BaseBuilder.php(1733): CodeIgniter\Database\BaseConnection->query()
 3 SYSTEMPATH/Model.php(523): CodeIgniter\Database\BaseBuilder->countAllResults()
 4 SYSTEMPATH/BaseModel.php(1333): CodeIgniter\Model->countAllResults()
 5 APPPATH/Controllers/LivreController.php(38): CodeIgniter\BaseModel->paginate()
 6 SYSTEMPATH/CodeIgniter.php(951): App\Controllers\LivreController->index()
 7 SYSTEMPATH/CodeIgniter.php(497): CodeIgniter\CodeIgniter->runController()
 8 SYSTEMPATH/CodeIgniter.php(340): CodeIgniter\CodeIgniter->handleRequest()
 9 SYSTEMPATH/Boot.php(417): CodeIgniter\CodeIgniter->run()
10 SYSTEMPATH/Boot.php(68): CodeIgniter\Boot::runCodeIgniter()
11 FCPATH/index.php(59): CodeIgniter\Boot::bootWeb()
CRITICAL - 2026-04-21 12:31:31 --> CodeIgniter\View\Exceptions\ViewException: Invalid file: "layout.php"
[Method: GET, Route: /]
in SYSTEMPATH/Exceptions/FrameworkException.php on line 39.
 1 SYSTEMPATH/View/View.php(228): CodeIgniter\Exceptions\FrameworkException::forInvalidFile()
 2 SYSTEMPATH/View/View.php(256): CodeIgniter\View\View->render()
 3 SYSTEMPATH/Common.php(1250): CodeIgniter\View\View->render()
 4 APPPATH/Controllers/LivreController.php(42): view()
 5 SYSTEMPATH/CodeIgniter.php(951): App\Controllers\LivreController->index()
 6 SYSTEMPATH/CodeIgniter.php(497): CodeIgniter\CodeIgniter->runController()
 7 SYSTEMPATH/CodeIgniter.php(340): CodeIgniter\CodeIgniter->handleRequest()
 8 SYSTEMPATH/Boot.php(417): CodeIgniter\CodeIgniter->run()
 9 SYSTEMPATH/Boot.php(68): CodeIgniter\Boot::runCodeIgniter()
10 FCPATH/index.php(59): CodeIgniter\Boot::bootWeb()
